[NX Daemon Server] - 2024-11-21T03:10:50.562Z - Started listening on: \\.\pipe\nx\C:\Users\LENOVO\AppData\Local\Temp\5a9c8feebd\d.sock
[NX Daemon Server] - 2024-11-21T03:10:50.595Z - [WATCHER]: Subscribed to changes within: E:\Workspace\micmono\micmono (native)
[NX Daemon Server] - 2024-11-21T03:10:50.597Z - Established a connection. Number of open connections: 1
[NX Daemon Server] - 2024-11-21T03:10:50.598Z - Established a connection. Number of open connections: 2
[NX Daemon Server] - 2024-11-21T03:10:50.600Z - Closed a connection. Number of open connections: 1
[NX Daemon Server] - 2024-11-21T03:10:50.602Z - [REQUEST]: Client Request for Project Graph Received
[NX Daemon Server] - 2024-11-21T03:10:50.826Z - [REQUEST]: Updated workspace context based on watched changes, recomputing project graph...
[NX Daemon Server] - 2024-11-21T03:10:50.839Z - [REQUEST]: 
[NX Daemon Server] - 2024-11-21T03:10:50.839Z - [REQUEST]: 
[NX Daemon Server] - 2024-11-21T03:10:50.864Z - Time taken for 'loadNxPlugins' 222.63590000000002ms
[NX Daemon Server] - 2024-11-21T03:10:50.919Z - Time taken for 'build-project-configs' 39.64179999999999ms
[NX Daemon Server] - 2024-11-21T03:10:51.047Z - [SYNC]: collect registered sync generators
[NX Daemon Server] - 2024-11-21T03:10:51.048Z - [REQUEST]: Responding to the client. project-graph
[NX Daemon Server] - 2024-11-21T03:10:51.049Z - Time taken for 'total for creating and serializing project graph' 445.94129999999996ms
[NX Daemon Server] - 2024-11-21T03:10:51.050Z - Done responding to the client project-graph
[NX Daemon Server] - 2024-11-21T03:10:51.050Z - Handled REQUEST_PROJECT_GRAPH. Handling time: 446. Response time: 2.
[NX Daemon Server] - 2024-11-21T03:10:51.059Z - [REQUEST]: Responding to the client. handleGlob
[NX Daemon Server] - 2024-11-21T03:10:51.059Z - Done responding to the client handleGlob
[NX Daemon Server] - 2024-11-21T03:10:51.059Z - Handled GLOB. Handling time: 1. Response time: 0.
[NX Daemon Server] - 2024-11-21T03:10:51.081Z - Established a connection. Number of open connections: 2
[NX Daemon Server] - 2024-11-21T03:10:51.082Z - Closed a connection. Number of open connections: 1
[NX Daemon Server] - 2024-11-21T03:10:51.082Z - Established a connection. Number of open connections: 2
[NX Daemon Server] - 2024-11-21T03:10:51.083Z - [REQUEST]: Client Request for Project Graph Received
[NX Daemon Server] - 2024-11-21T03:10:51.083Z - [REQUEST]: Responding to the client. project-graph
[NX Daemon Server] - 2024-11-21T03:10:51.084Z - Time taken for 'total for creating and serializing project graph' 0.49120000000004893ms
[NX Daemon Server] - 2024-11-21T03:10:51.085Z - Done responding to the client project-graph
[NX Daemon Server] - 2024-11-21T03:10:51.085Z - Handled REQUEST_PROJECT_GRAPH. Handling time: 0. Response time: 2.
[NX Daemon Server] - 2024-11-21T03:10:51.092Z - [REQUEST]: Responding to the client. handleGlob
[NX Daemon Server] - 2024-11-21T03:10:51.093Z - Done responding to the client handleGlob
[NX Daemon Server] - 2024-11-21T03:10:51.093Z - Handled GLOB. Handling time: 0. Response time: 1.
[NX Daemon Server] - 2024-11-21T03:10:51.104Z - [REQUEST]: Responding to the client. handleGlob
[NX Daemon Server] - 2024-11-21T03:10:51.105Z - Done responding to the client handleGlob
[NX Daemon Server] - 2024-11-21T03:10:51.105Z - Handled GLOB. Handling time: 0. Response time: 1.
[NX Daemon Server] - 2024-11-21T03:10:51.287Z - [REQUEST]: Responding to the client. handleHashGlob
[NX Daemon Server] - 2024-11-21T03:10:51.287Z - Done responding to the client handleHashGlob
[NX Daemon Server] - 2024-11-21T03:10:51.287Z - Handled HASH_GLOB. Handling time: 1. Response time: 0.
[NX Daemon Server] - 2024-11-21T03:10:52.245Z - [REQUEST]: Responding to the client. handleHashGlob
[NX Daemon Server] - 2024-11-21T03:10:52.245Z - Done responding to the client handleHashGlob
[NX Daemon Server] - 2024-11-21T03:10:52.245Z - Handled HASH_GLOB. Handling time: 1. Response time: 0.
[NX Daemon Server] - 2024-11-21T03:10:52.565Z - [REQUEST]: Responding to the client. handleHashGlob
[NX Daemon Server] - 2024-11-21T03:10:52.566Z - Done responding to the client handleHashGlob
[NX Daemon Server] - 2024-11-21T03:10:52.566Z - Handled HASH_GLOB. Handling time: 0. Response time: 1.
[NX Daemon Server] - 2024-11-21T03:10:52.581Z - [REQUEST]: Responding to the client. handleGlob
[NX Daemon Server] - 2024-11-21T03:10:52.582Z - Done responding to the client handleGlob
[NX Daemon Server] - 2024-11-21T03:10:52.582Z - Handled GLOB. Handling time: 0. Response time: 1.
[NX Daemon Server] - 2024-11-21T03:10:52.585Z - [REQUEST]: Responding to the client. handleGlob
[NX Daemon Server] - 2024-11-21T03:10:52.585Z - Done responding to the client handleGlob
[NX Daemon Server] - 2024-11-21T03:10:52.585Z - Handled GLOB. Handling time: 1. Response time: 0.
[NX Daemon Server] - 2024-11-21T03:10:52.587Z - [REQUEST]: Responding to the client. handleHashGlob
[NX Daemon Server] - 2024-11-21T03:10:52.587Z - Done responding to the client handleHashGlob
[NX Daemon Server] - 2024-11-21T03:10:52.587Z - Handled HASH_GLOB. Handling time: 1. Response time: 0.
[NX Daemon Server] - 2024-11-21T03:10:52.596Z - [REQUEST]: Responding to the client. handleHashGlob
[NX Daemon Server] - 2024-11-21T03:10:52.596Z - Done responding to the client handleHashGlob
[NX Daemon Server] - 2024-11-21T03:10:52.596Z - Handled HASH_GLOB. Handling time: 2. Response time: 0.
[NX Daemon Server] - 2024-11-21T03:10:52.605Z - [REQUEST]: Responding to the client. handleHashGlob
[NX Daemon Server] - 2024-11-21T03:10:52.605Z - Done responding to the client handleHashGlob
[NX Daemon Server] - 2024-11-21T03:10:52.605Z - Handled HASH_GLOB. Handling time: 0. Response time: 0.
[NX Daemon Server] - 2024-11-21T03:10:52.621Z - [REQUEST]: Client Request for Project Graph Received
[NX Daemon Server] - 2024-11-21T03:10:52.622Z - [REQUEST]: Responding to the client. project-graph
[NX Daemon Server] - 2024-11-21T03:10:52.623Z - Time taken for 'total for creating and serializing project graph' 0.36580000000003565ms
[NX Daemon Server] - 2024-11-21T03:10:52.623Z - Done responding to the client project-graph
[NX Daemon Server] - 2024-11-21T03:10:52.623Z - Handled REQUEST_PROJECT_GRAPH. Handling time: 1. Response time: 1.
[NX Daemon Server] - 2024-11-21T03:10:53.198Z - [WATCHER]: 0 file(s) created or restored, 19 file(s) modified, 0 file(s) deleted
[NX Daemon Server] - 2024-11-21T03:10:53.200Z - [WATCHER]: Processing file changes in outputs
[NX Daemon Server] - 2024-11-21T03:10:53.869Z - Established a connection. Number of open connections: 3
[NX Daemon Server] - 2024-11-21T03:10:53.869Z - Closed a connection. Number of open connections: 2
[NX Daemon Server] - 2024-11-21T03:10:53.869Z - Established a connection. Number of open connections: 3
[NX Daemon Server] - 2024-11-21T03:10:53.871Z - [REQUEST]: Responding to the client. handleGlob
[NX Daemon Server] - 2024-11-21T03:10:53.871Z - Done responding to the client handleGlob
[NX Daemon Server] - 2024-11-21T03:10:53.871Z - Handled GLOB. Handling time: 0. Response time: 0.
[NX Daemon Server] - 2024-11-21T03:10:53.873Z - [REQUEST]: Responding to the client. handleGlob
[NX Daemon Server] - 2024-11-21T03:10:53.873Z - Done responding to the client handleGlob
[NX Daemon Server] - 2024-11-21T03:10:53.873Z - Handled GLOB. Handling time: 0. Response time: 0.
Plugin listed in `nx.json` not found: @nx/eslint/plugin

node:internal/process/promises:391
    triggerUncaughtException(err, true /* fromPromise */);
    ^
{
  stack: 'LoadPluginError: Could not load plugin @nx/eslint/plugin\n' +
    '    at loadNxPluginAsync (E:\\Workspace\\micmono\\micmono\\node_modules\\@nx\\webpack\\node_modules\\nx\\src\\project-graph\\plugins\\loader.js:207:15)\n' +
    '    at process.processTicksAndRejections (node:internal/process/task_queues:95:5)\n' +
    '    at async load (E:\\Workspace\\micmono\\micmono\\node_modules\\@nx\\webpack\\node_modules\\nx\\src\\project-graph\\plugins\\isolation\\plugin-worker.js:26:30)\n' +
    '    at async consumeMessage (E:\\Workspace\\micmono\\micmono\\node_modules\\@nx\\webpack\\node_modules\\nx\\src\\project-graph\\plugins\\isolation\\messaging.js:38:26)',
  message: 'Could not load plugin @nx/eslint/plugin',
  cause: {
    stack: "Error: Cannot find module '@nx/eslint/plugin'\n" +
      'Require stack:\n' +
      '- E:\\Workspace\\micmono\\micmono\\node_modules\\@nx\\webpack\\node_modules\\nx\\src\\project-graph\\plugins\\loader.js\n' +
      '- E:\\Workspace\\micmono\\micmono\\node_modules\\@nx\\webpack\\node_modules\\nx\\src\\project-graph\\plugins\\isolation\\plugin-worker.js\n' +
      '    at Module._resolveFilename (node:internal/modules/cjs/loader:1145:15)\n' +
      '    at Function.resolve (node:internal/modules/helpers:190:19)\n' +
      '    at getPluginPathAndName (E:\\Workspace\\micmono\\micmono\\node_modules\\@nx\\webpack\\node_modules\\nx\\src\\project-graph\\plugins\\loader.js:143:30)\n' +
      '    at loadNxPluginAsync (E:\\Workspace\\micmono\\micmono\\node_modules\\@nx\\webpack\\node_modules\\nx\\src\\project-graph\\plugins\\loader.js:199:38)\n' +
      '    at process.processTicksAndRejections (node:internal/process/task_queues:95:5)\n' +
      '    at async load (E:\\Workspace\\micmono\\micmono\\node_modules\\@nx\\webpack\\node_modules\\nx\\src\\project-graph\\plugins\\isolation\\plugin-worker.js:26:30)\n' +
      '    at async consumeMessage (E:\\Workspace\\micmono\\micmono\\node_modules\\@nx\\webpack\\node_modules\\nx\\src\\project-graph\\plugins\\isolation\\messaging.js:38:26)',
    message: "Cannot find module '@nx/eslint/plugin'\n" +
      'Require stack:\n' +
      '- E:\\Workspace\\micmono\\micmono\\node_modules\\@nx\\webpack\\node_modules\\nx\\src\\project-graph\\plugins\\loader.js\n' +
      '- E:\\Workspace\\micmono\\micmono\\node_modules\\@nx\\webpack\\node_modules\\nx\\src\\project-graph\\plugins\\isolation\\plugin-worker.js',
    code: 'MODULE_NOT_FOUND',
    requireStack: [
      'E:\\Workspace\\micmono\\micmono\\node_modules\\@nx\\webpack\\node_modules\\nx\\src\\project-graph\\plugins\\loader.js',
      'E:\\Workspace\\micmono\\micmono\\node_modules\\@nx\\webpack\\node_modules\\nx\\src\\project-graph\\plugins\\isolation\\plugin-worker.js'
    ]
  },
  plugin: '@nx/eslint/plugin',
  name: 'LoadPluginError'
}

Node.js v20.16.0
